Analysis & Synthesis report for add_databeth
Fri Aug 12 00:51:42 2022
Quartus Prime Version 18.1.0 Build 625 09/12/2018 SJ Lite Edition


---------------------
; Table of Contents ;
---------------------
  1. Legal Notice
  2. Analysis & Synthesis Summary
  3. Analysis & Synthesis Settings
  4. Parallel Compilation
  5. Analysis & Synthesis Source Files Read
  6. Analysis & Synthesis Resource Usage Summary
  7. Analysis & Synthesis Resource Utilization by Entity
  8. State Machine - |add_main|add_control:cont|present_state
  9. User-Specified and Inferred Latches
 10. Registers Removed During Synthesis
 11. General Register Statistics
 12. Multiplexer Restructuring Statistics (Restructuring Performed)
 13. Post-Synthesis Netlist Statistics for Top Partition
 14. Elapsed Time Per Partition
 15. Analysis & Synthesis Messages



----------------
; Legal Notice ;
----------------
Copyright (C) 2018  Intel Corporation. All rights reserved.
Your use of Intel Corporation's design tools, logic functions 
and other software and tools, and its AMPP partner logic 
functions, and any output files from any of the foregoing 
(including device programming or simulation files), and any 
associated documentation or information are expressly subject 
to the terms and conditions of the Intel Program License 
Subscription Agreement, the Intel Quartus Prime License Agreement,
the Intel FPGA IP License Agreement, or other applicable license
agreement, including, without limitation, that your use is for
the sole purpose of programming logic devices manufactured by
Intel and sold by Intel or its authorized distributors.  Please
refer to the applicable agreement for further details.



+-------------------------------------------------------------------------------+
; Analysis & Synthesis Summary                                                  ;
+---------------------------------+---------------------------------------------+
; Analysis & Synthesis Status     ; Successful - Fri Aug 12 00:51:42 2022       ;
; Quartus Prime Version           ; 18.1.0 Build 625 09/12/2018 SJ Lite Edition ;
; Revision Name                   ; add_databeth                                ;
; Top-level Entity Name           ; add_main                                    ;
; Family                          ; Cyclone V                                   ;
; Logic utilization (in ALMs)     ; N/A                                         ;
; Total registers                 ; 16                                          ;
; Total pins                      ; 21                                          ;
; Total virtual pins              ; 0                                           ;
; Total block memory bits         ; 0                                           ;
; Total DSP Blocks                ; 0                                           ;
; Total HSSI RX PCSs              ; 0                                           ;
; Total HSSI PMA RX Deserializers ; 0                                           ;
; Total HSSI TX PCSs              ; 0                                           ;
; Total HSSI PMA TX Serializers   ; 0                                           ;
; Total PLLs                      ; 0                                           ;
; Total DLLs                      ; 0                                           ;
+---------------------------------+---------------------------------------------+


+---------------------------------------------------------------------------------------------------------------------------+
; Analysis & Synthesis Settings                                                                                             ;
+---------------------------------------------------------------------------------+--------------------+--------------------+
; Option                                                                          ; Setting            ; Default Value      ;
+---------------------------------------------------------------------------------+--------------------+--------------------+
; Device                                                                          ; 5CGXFC7C7F23C8     ;                    ;
; Top-level entity name                                                           ; add_main           ; add_databeth       ;
; Family name                                                                     ; Cyclone V          ; Cyclone V          ;
; Use smart compilation                                                           ; Off                ; Off                ;
; Enable parallel Assembler and Timing Analyzer during compilation                ; On                 ; On                 ;
; Enable compact report table                                                     ; Off                ; Off                ;
; Restructure Multiplexers                                                        ; Auto               ; Auto               ;
; MLAB Add Timing Constraints For Mixed-Port Feed-Through Mode Setting Don't Care ; Off                ; Off                ;
; Create Debugging Nodes for IP Cores                                             ; Off                ; Off                ;
; Preserve fewer node names                                                       ; On                 ; On                 ;
; Intel FPGA IP Evaluation Mode                                                   ; Enable             ; Enable             ;
; Verilog Version                                                                 ; Verilog_2001       ; Verilog_2001       ;
; VHDL Version                                                                    ; VHDL_1993          ; VHDL_1993          ;
; State Machine Processing                                                        ; Auto               ; Auto               ;
; Safe State Machine                                                              ; Off                ; Off                ;
; Extract Verilog State Machines                                                  ; On                 ; On                 ;
; Extract VHDL State Machines                                                     ; On                 ; On                 ;
; Ignore Verilog initial constructs                                               ; Off                ; Off                ;
; Iteration limit for constant Verilog loops                                      ; 5000               ; 5000               ;
; Iteration limit for non-constant Verilog loops                                  ; 250                ; 250                ;
; Add Pass-Through Logic to Inferred RAMs                                         ; On                 ; On                 ;
; Infer RAMs from Raw Logic                                                       ; On                 ; On                 ;
; Parallel Synthesis                                                              ; On                 ; On                 ;
; DSP Block Balancing                                                             ; Auto               ; Auto               ;
; NOT Gate Push-Back                                                              ; On                 ; On                 ;
; Power-Up Don't Care                                                             ; On                 ; On                 ;
; Remove Redundant Logic Cells                                                    ; Off                ; Off                ;
; Remove Duplicate Registers                                                      ; On                 ; On                 ;
; Ignore CARRY Buffers                                                            ; Off                ; Off                ;
; Ignore CASCADE Buffers                                                          ; Off                ; Off                ;
; Ignore GLOBAL Buffers                                                           ; Off                ; Off                ;
; Ignore ROW GLOBAL Buffers                                                       ; Off                ; Off                ;
; Ignore LCELL Buffers                                                            ; Off                ; Off                ;
; Ignore SOFT Buffers                                                             ; On                 ; On                 ;
; Limit AHDL Integers to 32 Bits                                                  ; Off                ; Off                ;
; Optimization Technique                                                          ; Balanced           ; Balanced           ;
; Carry Chain Length                                                              ; 70                 ; 70                 ;
; Auto Carry Chains                                                               ; On                 ; On                 ;
; Auto Open-Drain Pins                                                            ; On                 ; On                 ;
; Perform WYSIWYG Primitive Resynthesis                                           ; Off                ; Off                ;
; Auto ROM Replacement                                                            ; On                 ; On                 ;
; Auto RAM Replacement                                                            ; On                 ; On                 ;
; Auto DSP Block Replacement                                                      ; On                 ; On                 ;
; Auto Shift Register Replacement                                                 ; Auto               ; Auto               ;
; Allow Shift Register Merging across Hierarchies                                 ; Auto               ; Auto               ;
; Auto Clock Enable Replacement                                                   ; On                 ; On                 ;
; Strict RAM Replacement                                                          ; Off                ; Off                ;
; Allow Synchronous Control Signals                                               ; On                 ; On                 ;
; Force Use of Synchronous Clear Signals                                          ; Off                ; Off                ;
; Auto Resource Sharing                                                           ; Off                ; Off                ;
; Allow Any RAM Size For Recognition                                              ; Off                ; Off                ;
; Allow Any ROM Size For Recognition                                              ; Off                ; Off                ;
; Allow Any Shift Register Size For Recognition                                   ; Off                ; Off                ;
; Use LogicLock Constraints during Resource Balancing                             ; On                 ; On                 ;
; Ignore translate_off and synthesis_off directives                               ; Off                ; Off                ;
; Timing-Driven Synthesis                                                         ; On                 ; On                 ;
; Report Parameter Settings                                                       ; On                 ; On                 ;
; Report Source Assignments                                                       ; On                 ; On                 ;
; Report Connectivity Checks                                                      ; On                 ; On                 ;
; Ignore Maximum Fan-Out Assignments                                              ; Off                ; Off                ;
; Synchronization Register Chain Length                                           ; 3                  ; 3                  ;
; Power Optimization During Synthesis                                             ; Normal compilation ; Normal compilation ;
; HDL message level                                                               ; Level2             ; Level2             ;
; Suppress Register Optimization Related Messages                                 ; Off                ; Off                ;
; Number of Removed Registers Reported in Synthesis Report                        ; 5000               ; 5000               ;
; Number of Swept Nodes Reported in Synthesis Report                              ; 5000               ; 5000               ;
; Number of Inverted Registers Reported in Synthesis Report                       ; 100                ; 100                ;
; Clock MUX Protection                                                            ; On                 ; On                 ;
; Auto Gated Clock Conversion                                                     ; Off                ; Off                ;
; Block Design Naming                                                             ; Auto               ; Auto               ;
; SDC constraint protection                                                       ; Off                ; Off                ;
; Synthesis Effort                                                                ; Auto               ; Auto               ;
; Shift Register Replacement - Allow Asynchronous Clear Signal                    ; On                 ; On                 ;
; Pre-Mapping Resynthesis Optimization                                            ; Off                ; Off                ;
; Analysis & Synthesis Message Level                                              ; Medium             ; Medium             ;
; Disable Register Merging Across Hierarchies                                     ; Auto               ; Auto               ;
; Resource Aware Inference For Block RAM                                          ; On                 ; On                 ;
; Automatic Parallel Synthesis                                                    ; On                 ; On                 ;
; Partial Reconfiguration Bitstream ID                                            ; Off                ; Off                ;
+---------------------------------------------------------------------------------+--------------------+--------------------+


+------------------------------------------+
; Parallel Compilation                     ;
+----------------------------+-------------+
; Processors                 ; Number      ;
+----------------------------+-------------+
; Number detected on machine ; 8           ;
; Maximum allowed            ; 4           ;
;                            ;             ;
; Average used               ; 1.00        ;
; Maximum used               ; 4           ;
;                            ;             ;
; Usage by Processor         ; % Time Used ;
;     Processor 1            ; 100.0%      ;
;     Processors 2-4         ;   0.0%      ;
+----------------------------+-------------+


+-----------------------------------------------------------------------------------------------------------------------------------------------------------+
; Analysis & Synthesis Source Files Read                                                                                                                    ;
+----------------------------------+-----------------+------------------------+-------------------------------------------------------------------+---------+
; File Name with User-Entered Path ; Used in Netlist ; File Type              ; File Name with Absolute Path                                      ; Library ;
+----------------------------------+-----------------+------------------------+-------------------------------------------------------------------+---------+
; add_databeth.v                   ; yes             ; User Verilog HDL File  ; C:/Users/MONSTER/Desktop/FPGA_Examples/021_project/add_databeth.v ;         ;
; add_control.v                    ; yes             ; User Verilog HDL File  ; C:/Users/MONSTER/Desktop/FPGA_Examples/021_project/add_control.v  ;         ;
; add_main.v                       ; yes             ; User Verilog HDL File  ; C:/Users/MONSTER/Desktop/FPGA_Examples/021_project/add_main.v     ;         ;
+----------------------------------+-----------------+------------------------+-------------------------------------------------------------------+---------+


+---------------------------------------------------------------------------------+
; Analysis & Synthesis Resource Usage Summary                                     ;
+---------------------------------------------+-----------------------------------+
; Resource                                    ; Usage                             ;
+---------------------------------------------+-----------------------------------+
; Estimate of Logic utilization (ALMs needed) ; 18                                ;
;                                             ;                                   ;
; Combinational ALUT usage for logic          ; 35                                ;
;     -- 7 input functions                    ; 0                                 ;
;     -- 6 input functions                    ; 0                                 ;
;     -- 5 input functions                    ; 6                                 ;
;     -- 4 input functions                    ; 1                                 ;
;     -- <=3 input functions                  ; 28                                ;
;                                             ;                                   ;
; Dedicated logic registers                   ; 16                                ;
;                                             ;                                   ;
; I/O pins                                    ; 21                                ;
;                                             ;                                   ;
; Total DSP Blocks                            ; 0                                 ;
;                                             ;                                   ;
; Maximum fan-out node                        ; add_control:cont|present_state.S3 ;
; Maximum fan-out                             ; 20                                ;
; Total fan-out                               ; 191                               ;
; Average fan-out                             ; 2.05                              ;
+---------------------------------------------+-----------------------------------+


+-------------------------------------------------------------------------------------------------------------------------------------------------------------------------------------------------+
; Analysis & Synthesis Resource Utilization by Entity                                                                                                                                             ;
+----------------------------+---------------------+---------------------------+-------------------+------------+------+--------------+-----------------------------+--------------+--------------+
; Compilation Hierarchy Node ; Combinational ALUTs ; Dedicated Logic Registers ; Block Memory Bits ; DSP Blocks ; Pins ; Virtual Pins ; Full Hierarchy Name         ; Entity Name  ; Library Name ;
+----------------------------+---------------------+---------------------------+-------------------+------------+------+--------------+-----------------------------+--------------+--------------+
; |add_main                  ; 35 (0)              ; 16 (0)                    ; 0                 ; 0          ; 21   ; 0            ; |add_main                   ; add_main     ; work         ;
;    |add_control:cont|      ; 4 (4)               ; 4 (4)                     ; 0                 ; 0          ; 0    ; 0            ; |add_main|add_control:cont  ; add_control  ; work         ;
;    |add_datapath:data|     ; 31 (31)             ; 12 (12)                   ; 0                 ; 0          ; 0    ; 0            ; |add_main|add_datapath:data ; add_datapath ; work         ;
+----------------------------+---------------------+---------------------------+-------------------+------------+------+--------------+-----------------------------+--------------+--------------+
Note: For table entries with two numbers listed, the numbers in parentheses indicate the number of resources of the given type used by the specific entity alone. The numbers listed outside of parentheses indicate the total resources of the given type used by the specific entity and all of its sub-entities in the hierarchy.


Encoding Type:  One-Hot
+----------------------------------------------------------------------------------------------+
; State Machine - |add_main|add_control:cont|present_state                                     ;
+------------------+------------------+------------------+------------------+------------------+
; Name             ; present_state.S3 ; present_state.S2 ; present_state.S1 ; present_state.S0 ;
+------------------+------------------+------------------+------------------+------------------+
; present_state.S0 ; 0                ; 0                ; 0                ; 0                ;
; present_state.S1 ; 0                ; 0                ; 1                ; 1                ;
; present_state.S2 ; 0                ; 1                ; 0                ; 1                ;
; present_state.S3 ; 1                ; 0                ; 0                ; 1                ;
+------------------+------------------+------------------+------------------+------------------+


+------------------------------------------------------------------------------------------------------------------+
; User-Specified and Inferred Latches                                                                              ;
+-----------------------------------------------------+-----------------------------------+------------------------+
; Latch Name                                          ; Latch Enable Signal               ; Free of Timing Hazards ;
+-----------------------------------------------------+-----------------------------------+------------------------+
; add_datapath:data|result[0]                         ; add_datapath:data|result[5]       ; yes                    ;
; add_datapath:data|result[1]                         ; add_datapath:data|result[5]       ; yes                    ;
; add_datapath:data|result[2]                         ; add_datapath:data|result[5]       ; yes                    ;
; add_datapath:data|result[3]                         ; add_datapath:data|result[5]       ; yes                    ;
; add_datapath:data|result[4]                         ; add_datapath:data|result[5]       ; yes                    ;
; add_datapath:data|result[5]                         ; add_datapath:data|result[5]       ; yes                    ;
; add_datapath:data|to_yi[0]                          ; add_control:cont|present_state.S3 ; yes                    ;
; add_datapath:data|to_xi[0]                          ; add_control:cont|present_state.S2 ; yes                    ;
; add_datapath:data|to_yi[1]                          ; add_control:cont|present_state.S3 ; yes                    ;
; add_datapath:data|to_xi[1]                          ; add_control:cont|present_state.S2 ; yes                    ;
; add_datapath:data|to_yi[2]                          ; add_control:cont|present_state.S3 ; yes                    ;
; add_datapath:data|to_xi[2]                          ; add_control:cont|present_state.S2 ; yes                    ;
; add_datapath:data|to_yi[3]                          ; add_control:cont|present_state.S3 ; yes                    ;
; add_datapath:data|to_xi[3]                          ; add_control:cont|present_state.S2 ; yes                    ;
; add_datapath:data|to_yi[4]                          ; add_control:cont|present_state.S3 ; yes                    ;
; add_datapath:data|to_xi[4]                          ; add_control:cont|present_state.S2 ; yes                    ;
; add_datapath:data|to_yi[5]                          ; add_control:cont|present_state.S3 ; yes                    ;
; add_datapath:data|to_xi[5]                          ; add_control:cont|present_state.S2 ; yes                    ;
; Number of user-specified and inferred latches = 18  ;                                   ;                        ;
+-----------------------------------------------------+-----------------------------------+------------------------+
Note: All latches listed above may not be present at the end of synthesis due to various synthesis optimizations.


+------------------------------------------------------------+
; Registers Removed During Synthesis                         ;
+---------------------------------------+--------------------+
; Register name                         ; Reason for Removal ;
+---------------------------------------+--------------------+
; add_control:cont|present_state~2      ; Lost fanout        ;
; add_control:cont|present_state~3      ; Lost fanout        ;
; Total Number of Removed Registers = 2 ;                    ;
+---------------------------------------+--------------------+


+------------------------------------------------------+
; General Register Statistics                          ;
+----------------------------------------------+-------+
; Statistic                                    ; Value ;
+----------------------------------------------+-------+
; Total registers                              ; 16    ;
; Number of registers using Synchronous Clear  ; 0     ;
; Number of registers using Synchronous Load   ; 0     ;
; Number of registers using Asynchronous Clear ; 0     ;
; Number of registers using Asynchronous Load  ; 0     ;
; Number of registers using Clock Enable       ; 12    ;
; Number of registers using Preset             ; 0     ;
+----------------------------------------------+-------+


+------------------------------------------------------------------------------------------------------------------------------------------------------+
; Multiplexer Restructuring Statistics (Restructuring Performed)                                                                                       ;
+--------------------+-----------+---------------+----------------------+------------------------+------------+----------------------------------------+
; Multiplexer Inputs ; Bus Width ; Baseline Area ; Area if Restructured ; Saving if Restructured ; Registered ; Example Multiplexer Output             ;
+--------------------+-----------+---------------+----------------------+------------------------+------------+----------------------------------------+
; 3:1                ; 6 bits    ; 12 LEs        ; 12 LEs               ; 0 LEs                  ; No         ; |add_main|add_datapath:data|to_addB[5] ;
+--------------------+-----------+---------------+----------------------+------------------------+------------+----------------------------------------+


+-----------------------------------------------------+
; Post-Synthesis Netlist Statistics for Top Partition ;
+-----------------------+-----------------------------+
; Type                  ; Count                       ;
+-----------------------+-----------------------------+
; arriav_ff             ; 16                          ;
;     ENA               ; 12                          ;
;     plain             ; 4                           ;
; arriav_lcell_comb     ; 35                          ;
;     arith             ; 6                           ;
;         5 data inputs ; 6                           ;
;     normal            ; 29                          ;
;         2 data inputs ; 3                           ;
;         3 data inputs ; 25                          ;
;         4 data inputs ; 1                           ;
; boundary_port         ; 21                          ;
;                       ;                             ;
; Max LUT depth         ; 3.50                        ;
; Average LUT depth     ; 2.43                        ;
+-----------------------+-----------------------------+


+-------------------------------+
; Elapsed Time Per Partition    ;
+----------------+--------------+
; Partition Name ; Elapsed Time ;
+----------------+--------------+
; Top            ; 00:00:00     ;
+----------------+--------------+


+-------------------------------+
; Analysis & Synthesis Messages ;
+-------------------------------+
Info: *******************************************************************
Info: Running Quartus Prime Analysis & Synthesis
    Info: Version 18.1.0 Build 625 09/12/2018 SJ Lite Edition
    Info: Processing started: Fri Aug 12 00:51:28 2022
Info: Command: quartus_map --read_settings_files=on --write_settings_files=off add_databeth -c add_databeth
Warning (18236): Number of processors has not been specified which may cause overloading on shared machines.  Set the global assignment NUM_PARALLEL_PROCESSORS in your QSF to an appropriate value for best performance.
Info (20030): Parallel compilation is enabled and will use 4 of the 4 processors detected
Info (12021): Found 1 design units, including 1 entities, in source file add_databeth.v
    Info (12023): Found entity 1: add_datapath File: C:/Users/MONSTER/Desktop/FPGA_Examples/021_project/add_databeth.v Line: 1
Info (12021): Found 1 design units, including 1 entities, in source file add_control.v
    Info (12023): Found entity 1: add_control File: C:/Users/MONSTER/Desktop/FPGA_Examples/021_project/add_control.v Line: 1
Info (12021): Found 1 design units, including 1 entities, in source file add_main.v
    Info (12023): Found entity 1: add_main File: C:/Users/MONSTER/Desktop/FPGA_Examples/021_project/add_main.v Line: 2
Info (12021): Found 1 design units, including 1 entities, in source file add_tb.v
    Info (12023): Found entity 1: add_tb File: C:/Users/MONSTER/Desktop/FPGA_Examples/021_project/add_tb.v Line: 1
Info (12021): Found 1 design units, including 1 entities, in source file add_fsm.v
    Info (12023): Found entity 1: add_fsm File: C:/Users/MONSTER/Desktop/FPGA_Examples/021_project/add_fsm.v Line: 1
Info (12127): Elaborating entity "add_main" for the top level hierarchy
Info (12128): Elaborating entity "add_datapath" for hierarchy "add_datapath:data" File: C:/Users/MONSTER/Desktop/FPGA_Examples/021_project/add_main.v Line: 30
Warning (10240): Verilog HDL Always Construct warning at add_databeth.v(39): inferring latch(es) for variable "to_xi", which holds its previous value in one or more paths through the always construct File: C:/Users/MONSTER/Desktop/FPGA_Examples/021_project/add_databeth.v Line: 39
Warning (10240): Verilog HDL Always Construct warning at add_databeth.v(39): inferring latch(es) for variable "to_yi", which holds its previous value in one or more paths through the always construct File: C:/Users/MONSTER/Desktop/FPGA_Examples/021_project/add_databeth.v Line: 39
Warning (10240): Verilog HDL Always Construct warning at add_databeth.v(39): inferring latch(es) for variable "result", which holds its previous value in one or more paths through the always construct File: C:/Users/MONSTER/Desktop/FPGA_Examples/021_project/add_databeth.v Line: 39
Info (10041): Inferred latch for "result[0]" at add_databeth.v(55) File: C:/Users/MONSTER/Desktop/FPGA_Examples/021_project/add_databeth.v Line: 55
Info (10041): Inferred latch for "result[1]" at add_databeth.v(55) File: C:/Users/MONSTER/Desktop/FPGA_Examples/021_project/add_databeth.v Line: 55
Info (10041): Inferred latch for "result[2]" at add_databeth.v(55) File: C:/Users/MONSTER/Desktop/FPGA_Examples/021_project/add_databeth.v Line: 55
Info (10041): Inferred latch for "result[3]" at add_databeth.v(55) File: C:/Users/MONSTER/Desktop/FPGA_Examples/021_project/add_databeth.v Line: 55
Info (10041): Inferred latch for "result[4]" at add_databeth.v(55) File: C:/Users/MONSTER/Desktop/FPGA_Examples/021_project/add_databeth.v Line: 55
Info (10041): Inferred latch for "result[5]" at add_databeth.v(55) File: C:/Users/MONSTER/Desktop/FPGA_Examples/021_project/add_databeth.v Line: 55
Info (10041): Inferred latch for "to_yi[0]" at add_databeth.v(55) File: C:/Users/MONSTER/Desktop/FPGA_Examples/021_project/add_databeth.v Line: 55
Info (10041): Inferred latch for "to_yi[1]" at add_databeth.v(55) File: C:/Users/MONSTER/Desktop/FPGA_Examples/021_project/add_databeth.v Line: 55
Info (10041): Inferred latch for "to_yi[2]" at add_databeth.v(55) File: C:/Users/MONSTER/Desktop/FPGA_Examples/021_project/add_databeth.v Line: 55
Info (10041): Inferred latch for "to_yi[3]" at add_databeth.v(55) File: C:/Users/MONSTER/Desktop/FPGA_Examples/021_project/add_databeth.v Line: 55
Info (10041): Inferred latch for "to_yi[4]" at add_databeth.v(55) File: C:/Users/MONSTER/Desktop/FPGA_Examples/021_project/add_databeth.v Line: 55
Info (10041): Inferred latch for "to_yi[5]" at add_databeth.v(55) File: C:/Users/MONSTER/Desktop/FPGA_Examples/021_project/add_databeth.v Line: 55
Info (10041): Inferred latch for "to_xi[0]" at add_databeth.v(55) File: C:/Users/MONSTER/Desktop/FPGA_Examples/021_project/add_databeth.v Line: 55
Info (10041): Inferred latch for "to_xi[1]" at add_databeth.v(55) File: C:/Users/MONSTER/Desktop/FPGA_Examples/021_project/add_databeth.v Line: 55
Info (10041): Inferred latch for "to_xi[2]" at add_databeth.v(55) File: C:/Users/MONSTER/Desktop/FPGA_Examples/021_project/add_databeth.v Line: 55
Info (10041): Inferred latch for "to_xi[3]" at add_databeth.v(55) File: C:/Users/MONSTER/Desktop/FPGA_Examples/021_project/add_databeth.v Line: 55
Info (10041): Inferred latch for "to_xi[4]" at add_databeth.v(55) File: C:/Users/MONSTER/Desktop/FPGA_Examples/021_project/add_databeth.v Line: 55
Info (10041): Inferred latch for "to_xi[5]" at add_databeth.v(55) File: C:/Users/MONSTER/Desktop/FPGA_Examples/021_project/add_databeth.v Line: 55
Info (12128): Elaborating entity "add_control" for hierarchy "add_control:cont" File: C:/Users/MONSTER/Desktop/FPGA_Examples/021_project/add_main.v Line: 46
Warning (10270): Verilog HDL Case Statement warning at add_control.v(77): incomplete case statement has no default case item File: C:/Users/MONSTER/Desktop/FPGA_Examples/021_project/add_control.v Line: 77
Info (10264): Verilog HDL Case Statement information at add_control.v(77): all case item expressions in this case statement are onehot File: C:/Users/MONSTER/Desktop/FPGA_Examples/021_project/add_control.v Line: 77
Info (286030): Timing-Driven Synthesis is running
Info (17049): 2 registers lost all their fanouts during netlist optimizations.
Info (16010): Generating hard_block partition "hard_block:auto_generated_inst"
    Info (16011): Adding 0 node(s), including 0 DDIO, 0 PLL, 0 transceiver and 0 LCELL
Info (21057): Implemented 68 device resources after synthesis - the final resource count might be different
    Info (21058): Implemented 15 input pins
    Info (21059): Implemented 6 output pins
    Info (21061): Implemented 47 logic cells
Info: Quartus Prime Analysis & Synthesis was successful. 0 errors, 5 warnings
    Info: Peak virtual memory: 4833 megabytes
    Info: Processing ended: Fri Aug 12 00:51:42 2022
    Info: Elapsed time: 00:00:14
    Info: Total CPU time (on all processors): 00:00:28


